[24Aug2021 20:21:21.129] [main/INFO] [cpw.mods.modlauncher.Launcher/MODLAUNCHER]: ModLauncher running: args [--gameDir, ., --launchTarget, fmluserdevclient, --fml.mcpVersion, 20190829.143755, --fml.mcVersion, 1.14.4, --fml.forgeGroup, net.minecraftforge, --fml.forgeVersion, 28.2.0, --version, MOD_DEV, --assetIndex, 1.14, --assetsDir, C:\Users\Jahan\.gradle\caches\forge_gradle\assets, --username, Dev, --accessToken, ❄❄❄❄❄❄❄❄, --userProperties, {}]
[24Aug2021 20:21:21.147] [main/INFO] [cpw.mods.modlauncher.Launcher/MODLAUNCHER]: ModLauncher 4.1.0+62+5bfa59b starting: java version 1.8.0_281 by Oracle Corporation
[24Aug2021 20:21:25.947] [main/INFO] [net.minecraftforge.fml.loading.FixSSL/CORE]: Added Lets Encrypt root certificates as additional trust
[24Aug2021 20:21:26.498] [main/WARN] [net.minecraftforge.fml.loading.FMLConfig/CORE]: Configuration file D:\mc-mods\vodkaplus\run --no-daemon\config\fml.toml is not correct. Correcting
[24Aug2021 20:21:26.549] [main/WARN] [net.minecraftforge.fml.loading.FMLConfig/CORE]: Incorrect key [defaultConfigPath] was corrected from null to defaultconfigs
[24Aug2021 20:21:28.634] [Thread-3/FATAL] [net.minecraftforge.fml.loading.progress.ClientVisualization/]: WARNING : glfwInit took 1.0188266 seconds to start.
[24Aug2021 20:21:32.207] [main/INFO] [cpw.mods.modlauncher.LaunchServiceHandler/MODLAUNCHER]: Launching target 'fmluserdevclient' with arguments [--version, MOD_DEV, --gameDir, ., --assetsDir, C:\Users\Jahan\.gradle\caches\forge_gradle\assets, --assetIndex, 1.14, --username, Dev, --accessToken, ❄❄❄❄❄❄❄❄, --userProperties, {}]
[24Aug2021 20:21:47.776] [Client thread/INFO] [net.minecraft.client.Minecraft/]: Setting user: Dev
[24Aug2021 20:22:52.398] [Client thread/INFO] [net.minecraft.client.Minecraft/]: LWJGL Version: 3.2.2 build 10
[24Aug2021 20:22:57.122] [Client thread/FATAL] [net.minecraftforge.fml.ModLoader/LOADING]: File D:\mc-mods\vodkaplus\build\resources\main constructed 0 mods: [], but had 1 mods specified: [examplemod]
[24Aug2021 20:22:57.122] [Client thread/FATAL] [net.minecraftforge.fml.ModLoader/CORE]: Failed to initialize mod containers
net.minecraftforge.fml.ModLoadingException: mods.toml missing metadata for modid vodkaplus
	at net.minecraftforge.fml.ModLoader.lambda$buildModContainerFromTOML$29(ModLoader.java:233) ~[forge-1.14.4-28.2.0_mapped_snapshot_20190719-1.14.3-recomp.jar:?]
	at java.util.Optional.orElseThrow(Optional.java:290) ~[?:1.8.0_281]
	at net.minecraftforge.fml.ModLoader.buildModContainerFromTOML(ModLoader.java:233) ~[forge-1.14.4-28.2.0_mapped_snapshot_20190719-1.14.3-recomp.jar:?]
	at net.minecraftforge.fml.ModLoader.lambda$buildMods$26(ModLoader.java:214) ~[forge-1.14.4-28.2.0_mapped_snapshot_20190719-1.14.3-recomp.jar:?]
	at java.util.stream.ReferencePipeline$3$1.accept(ReferencePipeline.java:193) ~[?:1.8.0_281]
	at java.util.HashMap$EntrySpliterator.forEachRemaining(HashMap.java:1699) ~[?:1.8.0_281]
	at java.util.stream.AbstractPipeline.copyInto(AbstractPipeline.java:482) ~[?:1.8.0_281]
	at java.util.stream.AbstractPipeline.wrapAndCopyInto(AbstractPipeline.java:472) ~[?:1.8.0_281]
	at java.util.stream.ReduceOps$ReduceOp.evaluateSequential(ReduceOps.java:708) ~[?:1.8.0_281]
	at java.util.stream.AbstractPipeline.evaluate(AbstractPipeline.java:234) ~[?:1.8.0_281]
	at java.util.stream.ReferencePipeline.collect(ReferencePipeline.java:499) ~[?:1.8.0_281]
	at net.minecraftforge.fml.ModLoader.buildMods(ModLoader.java:216) ~[forge-1.14.4-28.2.0_mapped_snapshot_20190719-1.14.3-recomp.jar:?]
	at net.minecraftforge.fml.ModLoader.lambda$gatherAndInitializeMods$18(ModLoader.java:173) ~[forge-1.14.4-28.2.0_mapped_snapshot_20190719-1.14.3-recomp.jar:?]
	at java.util.stream.ReferencePipeline$3$1.accept(ReferencePipeline.java:193) ~[?:1.8.0_281]
	at java.util.stream.ReferencePipeline$3$1.accept(ReferencePipeline.java:193) ~[?:1.8.0_281]
	at java.util.ArrayList$ArrayListSpliterator.forEachRemaining(ArrayList.java:1384) ~[?:1.8.0_281]
	at java.util.stream.AbstractPipeline.copyInto(AbstractPipeline.java:482) ~[?:1.8.0_281]
	at java.util.stream.AbstractPipeline.wrapAndCopyInto(AbstractPipeline.java:472) ~[?:1.8.0_281]
	at java.util.stream.ReduceOps$ReduceOp.evaluateSequential(ReduceOps.java:708) ~[?:1.8.0_281]
	at java.util.stream.AbstractPipeline.evaluate(AbstractPipeline.java:234) ~[?:1.8.0_281]
	at java.util.stream.ReferencePipeline.collect(ReferencePipeline.java:499) ~[?:1.8.0_281]
	at net.minecraftforge.fml.ModLoader.gatherAndInitializeMods(ModLoader.java:175) ~[forge-1.14.4-28.2.0_mapped_snapshot_20190719-1.14.3-recomp.jar:?]
	at net.minecraftforge.fml.client.ClientModLoader.lambda$begin$2(ClientModLoader.java:97) ~[forge-1.14.4-28.2.0_mapped_snapshot_20190719-1.14.3-recomp.jar:?]
	at net.minecraftforge.fml.client.ClientModLoader.lambda$createRunnableWithCatch$5(ClientModLoader.java:113) ~[forge-1.14.4-28.2.0_mapped_snapshot_20190719-1.14.3-recomp.jar:?]
	at net.minecraftforge.fml.client.ClientModLoader.begin(ClientModLoader.java:97) ~[forge-1.14.4-28.2.0_mapped_snapshot_20190719-1.14.3-recomp.jar:?]
	at net.minecraft.client.Minecraft.init(Minecraft.java:457) ~[forge-1.14.4-28.2.0_mapped_snapshot_20190719-1.14.3-recomp.jar:?]
	at net.minecraft.client.Minecraft.run(Minecraft.java:365) ~[forge-1.14.4-28.2.0_mapped_snapshot_20190719-1.14.3-recomp.jar:?]
	at net.minecraft.client.main.Main.main(Main.java:128) ~[forge-1.14.4-28.2.0_mapped_snapshot_20190719-1.14.3-recomp.jar:?]
	at sun.reflect.NativeMethodAccessorImpl.invoke0(Native Method) ~[?:1.8.0_281]
	at sun.reflect.NativeMethodAccessorImpl.invoke(NativeMethodAccessorImpl.java:62) ~[?:1.8.0_281]
	at sun.reflect.DelegatingMethodAccessorImpl.invoke(DelegatingMethodAccessorImpl.java:43) ~[?:1.8.0_281]
	at java.lang.reflect.Method.invoke(Method.java:498) ~[?:1.8.0_281]
	at net.minecraftforge.userdev.FMLUserdevClientLaunchProvider.lambda$launchService$0(FMLUserdevClientLaunchProvider.java:55) ~[forge-1.14.4-28.2.0_mapped_snapshot_20190719-1.14.3-recomp.jar:?]
	at cpw.mods.modlauncher.LaunchServiceHandlerDecorator.launch(LaunchServiceHandlerDecorator.java:37) [modlauncher-4.1.0.jar:?]
	at cpw.mods.modlauncher.LaunchServiceHandler.launch(LaunchServiceHandler.java:54) [modlauncher-4.1.0.jar:?]
	at cpw.mods.modlauncher.LaunchServiceHandler.launch(LaunchServiceHandler.java:72) [modlauncher-4.1.0.jar:?]
	at cpw.mods.modlauncher.Launcher.run(Launcher.java:81) [modlauncher-4.1.0.jar:?]
	at cpw.mods.modlauncher.Launcher.main(Launcher.java:65) [modlauncher-4.1.0.jar:?]
	at net.minecraftforge.userdev.LaunchTesting.main(LaunchTesting.java:102) [forge-1.14.4-28.2.0_mapped_snapshot_20190719-1.14.3-recomp.jar:?]
[24Aug2021 20:22:57.205] [Client thread/FATAL] [net.minecraftforge.eventbus.EventBus/EVENTBUS]: EventBus 0 shutting down - future events will not be posted.
java.lang.Exception: stacktrace
	at net.minecraftforge.eventbus.EventBus.shutdown(EventBus.java:278) ~[eventbus-1.0.0-service.jar:?]
	at net.minecraftforge.fml.client.ClientModLoader.lambda$createRunnableWithCatch$5(ClientModLoader.java:115) ~[forge-1.14.4-28.2.0_mapped_snapshot_20190719-1.14.3-recomp.jar:?]
	at net.minecraftforge.fml.client.ClientModLoader.begin(ClientModLoader.java:97) ~[forge-1.14.4-28.2.0_mapped_snapshot_20190719-1.14.3-recomp.jar:?]
	at net.minecraft.client.Minecraft.init(Minecraft.java:457) ~[forge-1.14.4-28.2.0_mapped_snapshot_20190719-1.14.3-recomp.jar:?]
	at net.minecraft.client.Minecraft.run(Minecraft.java:365) ~[forge-1.14.4-28.2.0_mapped_snapshot_20190719-1.14.3-recomp.jar:?]
	at net.minecraft.client.main.Main.main(Main.java:128) ~[forge-1.14.4-28.2.0_mapped_snapshot_20190719-1.14.3-recomp.jar:?]
	at sun.reflect.NativeMethodAccessorImpl.invoke0(Native Method) ~[?:1.8.0_281]
	at sun.reflect.NativeMethodAccessorImpl.invoke(NativeMethodAccessorImpl.java:62) ~[?:1.8.0_281]
	at sun.reflect.DelegatingMethodAccessorImpl.invoke(DelegatingMethodAccessorImpl.java:43) ~[?:1.8.0_281]
	at java.lang.reflect.Method.invoke(Method.java:498) ~[?:1.8.0_281]
	at net.minecraftforge.userdev.FMLUserdevClientLaunchProvider.lambda$launchService$0(FMLUserdevClientLaunchProvider.java:55) ~[forge-1.14.4-28.2.0_mapped_snapshot_20190719-1.14.3-recomp.jar:?]
	at cpw.mods.modlauncher.LaunchServiceHandlerDecorator.launch(LaunchServiceHandlerDecorator.java:37) [modlauncher-4.1.0.jar:?]
	at cpw.mods.modlauncher.LaunchServiceHandler.launch(LaunchServiceHandler.java:54) [modlauncher-4.1.0.jar:?]
	at cpw.mods.modlauncher.LaunchServiceHandler.launch(LaunchServiceHandler.java:72) [modlauncher-4.1.0.jar:?]
	at cpw.mods.modlauncher.Launcher.run(Launcher.java:81) [modlauncher-4.1.0.jar:?]
	at cpw.mods.modlauncher.Launcher.main(Launcher.java:65) [modlauncher-4.1.0.jar:?]
	at net.minecraftforge.userdev.LaunchTesting.main(LaunchTesting.java:102) [forge-1.14.4-28.2.0_mapped_snapshot_20190719-1.14.3-recomp.jar:?]
[24Aug2021 20:23:05.056] [Client thread/INFO] [com.mojang.text2speech.NarratorWindows/]: Narrator library for x64 successfully loaded
[24Aug2021 20:23:05.559] [Server-Worker-5/ERROR] [net.minecraftforge.fml.ModLoader/LOADING]: Skipping lifecycle event SETUP, 2 errors found.
[24Aug2021 20:23:05.559] [Server-Worker-5/FATAL] [net.minecraftforge.fml.ModLoader/LOADING]: Failed to complete lifecycle event SETUP, 2 errors found
[24Aug2021 20:23:05.560] [Server-Worker-5/FATAL] [net.minecraftforge.eventbus.EventBus/EVENTBUS]: EventBus 0 shutting down - future events will not be posted.
java.lang.Exception: stacktrace
	at net.minecraftforge.eventbus.EventBus.shutdown(EventBus.java:278) ~[eventbus-1.0.0-service.jar:?]
	at net.minecraftforge.fml.client.ClientModLoader.lambda$createRunnableWithCatch$5(ClientModLoader.java:115) ~[?:?]
	at net.minecraftforge.fml.client.ClientModLoader.startModLoading(ClientModLoader.java:123) ~[?:?]
	at net.minecraftforge.fml.client.ClientModLoader.lambda$onreload$3(ClientModLoader.java:105) ~[?:?]
	at net.minecraftforge.fml.client.ClientModLoader.lambda$createRunnableWithCatch$5(ClientModLoader.java:113) ~[?:?]
	at java.util.concurrent.CompletableFuture$AsyncRun.run(CompletableFuture.java:1640) [?:1.8.0_281]
	at java.util.concurrent.CompletableFuture$AsyncRun.exec(CompletableFuture.java:1632) [?:1.8.0_281]
	at java.util.concurrent.ForkJoinTask.doExec(ForkJoinTask.java:289) [?:1.8.0_281]
	at java.util.concurrent.ForkJoinPool$WorkQueue.runTask(ForkJoinPool.java:1067) [?:1.8.0_281]
	at java.util.concurrent.ForkJoinPool.runWorker(ForkJoinPool.java:1703) [?:1.8.0_281]
	at java.util.concurrent.ForkJoinWorkerThread.run(ForkJoinWorkerThread.java:172) [?:1.8.0_281]
[24Aug2021 20:23:37.194] [Server-Worker-3/ERROR] [net.minecraftforge.fml.ModLoader/LOADING]: Skipping lifecycle event ENQUEUE_IMC, 2 errors found.
[24Aug2021 20:23:37.194] [Server-Worker-3/FATAL] [net.minecraftforge.fml.ModLoader/LOADING]: Failed to complete lifecycle event ENQUEUE_IMC, 2 errors found
[24Aug2021 20:23:37.195] [Server-Worker-3/FATAL] [net.minecraftforge.eventbus.EventBus/EVENTBUS]: EventBus 0 shutting down - future events will not be posted.
java.lang.Exception: stacktrace
	at net.minecraftforge.eventbus.EventBus.shutdown(EventBus.java:278) ~[eventbus-1.0.0-service.jar:?]
	at net.minecraftforge.fml.client.ClientModLoader.lambda$createRunnableWithCatch$5(ClientModLoader.java:115) ~[?:?]
	at net.minecraftforge.fml.client.ClientModLoader.finishModLoading(ClientModLoader.java:136) ~[?:?]
	at net.minecraftforge.fml.client.ClientModLoader.lambda$onreload$4(ClientModLoader.java:107) ~[?:?]
	at java.util.concurrent.CompletableFuture.uniRun(CompletableFuture.java:719) [?:1.8.0_281]
	at java.util.concurrent.CompletableFuture$UniRun.tryFire(CompletableFuture.java:701) [?:1.8.0_281]
	at java.util.concurrent.CompletableFuture$Completion.exec(CompletableFuture.java:457) [?:1.8.0_281]
	at java.util.concurrent.ForkJoinTask.doExec(ForkJoinTask.java:289) [?:1.8.0_281]
	at java.util.concurrent.ForkJoinPool$WorkQueue.runTask(ForkJoinPool.java:1067) [?:1.8.0_281]
	at java.util.concurrent.ForkJoinPool.runWorker(ForkJoinPool.java:1703) [?:1.8.0_281]
	at java.util.concurrent.ForkJoinWorkerThread.run(ForkJoinWorkerThread.java:172) [?:1.8.0_281]
[24Aug2021 20:23:37.699] [Client thread/INFO] [net.minecraft.client.audio.SoundSystem/]: OpenAL initialized.
[24Aug2021 20:23:37.703] [Client thread/INFO] [net.minecraft.client.audio.SoundEngine/SOUNDS]: Sound engine started
[24Aug2021 20:23:38.438] [Client thread/INFO] [net.minecraft.client.renderer.texture.AtlasTexture/]: Created: 512x512 textures-atlas
[24Aug2021 20:23:41.470] [Client thread/INFO] [net.minecraft.client.renderer.texture.AtlasTexture/]: Created: 256x256 textures/particle-atlas
[24Aug2021 20:23:41.475] [Client thread/INFO] [net.minecraft.client.renderer.texture.AtlasTexture/]: Created: 256x256 textures/painting-atlas
[24Aug2021 20:23:41.477] [Client thread/INFO] [net.minecraft.client.renderer.texture.AtlasTexture/]: Created: 128x128 textures/mob_effect-atlas
[24Aug2021 20:35:02.183] [Client thread/INFO] [net.minecraft.client.Minecraft/]: Stopping!
